# JRE version: Java(TM) SE Runtime Environment (7.0_80-b15) (build 1.7.0_80-b15)
# Java VM: Java HotSpot(TM) 64-Bit Server VM (24.80-b11 mixed mode windows-amd64 compressed oops)
Heap
 PSYoungGen      total 37888K, used 20361K [0x00000000f0000000, 0x00000000f4a00000, 0x0000000100000000)
  eden space 32768K, 46% used [0x00000000f0000000,0x00000000f0ee40a8,0x00000000f2000000)
  from space 5120K, 99% used [0x00000000f2500000,0x00000000f29fe538,0x00000000f2a00000)
  to   space 5120K, 0% used [0x00000000f2000000,0x00000000f2000000,0x00000000f2500000)
 ParOldGen       total 86016K, used 9643K [0x00000000d0000000, 0x00000000d5400000, 0x00000000f0000000)
  object space 86016K, 11% used [0x00000000d0000000,0x00000000d096afc0,0x00000000d5400000)
 PSPermGen       total 21504K, used 10917K [0x00000000cae00000, 0x00000000cc300000, 0x00000000d0000000)
  object space 21504K, 50% used [0x00000000cae00000,0x00000000cb8a97a8,0x00000000cc300000)
GC Heap History (4 events):
Event: 1.222 GC heap before
{Heap before GC invocations=1 (full 0):
 PSYoungGen      total 37888K, used 32768K [0x00000000f0000000, 0x00000000f2a00000, 0x0000000100000000)
  eden space 32768K, 100% used [0x00000000f0000000,0x00000000f2000000,0x00000000f2000000)
  from space 5120K, 0% used [0x00000000f2500000,0x00000000f2500000,0x00000000f2a00000)
  to   space 5120K, 0% used [0x00000000f2000000,0x00000000f2000000,0x00000000f2500000)
 ParOldGen       total 86016K, used 0K [0x00000000d0000000, 0x00000000d5400000, 0x00000000f0000000)
  object space 86016K, 0% used [0x00000000d0000000,0x00000000d0000000,0x00000000d5400000)
 PSPermGen       total 21504K, used 7917K [0x00000000cae00000, 0x00000000cc300000, 0x00000000d0000000)
  object space 21504K, 36% used [0x00000000cae00000,0x00000000cb5bb700,0x00000000cc300000)
Event: 1.234 GC heap after
Heap after GC invocations=1 (full 0):
 PSYoungGen      total 37888K, used 5118K [0x00000000f0000000, 0x00000000f2a00000, 0x0000000100000000)
  eden space 32768K, 0% used [0x00000000f0000000,0x00000000f0000000,0x00000000f2000000)
  from space 5120K, 99% used [0x00000000f2000000,0x00000000f24ffbe8,0x00000000f2500000)
  to   space 5120K, 0% used [0x00000000f2500000,0x00000000f2500000,0x00000000f2a00000)
 ParOldGen       total 86016K, used 3303K [0x00000000d0000000, 0x00000000d5400000, 0x00000000f0000000)
  object space 86016K, 3% used [0x00000000d0000000,0x00000000d0339d30,0x00000000d5400000)
 PSPermGen       total 21504K, used 7917K [0x00000000cae00000, 0x00000000cc300000, 0x00000000d0000000)
  object space 21504K, 36% used [0x00000000cae00000,0x00000000cb5bb700,0x00000000cc300000)
}
Event: 2.005 GC heap before
{Heap before GC invocations=2 (full 0):
 PSYoungGen      total 37888K, used 37886K [0x00000000f0000000, 0x00000000f2a00000, 0x0000000100000000)
  eden space 32768K, 100% used [0x00000000f0000000,0x00000000f2000000,0x00000000f2000000)
  from space 5120K, 99% used [0x00000000f2000000,0x00000000f24ffbe8,0x00000000f2500000)
  to   space 5120K, 0% used [0x00000000f2500000,0x00000000f2500000,0x00000000f2a00000)
 ParOldGen       total 86016K, used 3303K [0x00000000d0000000, 0x00000000d5400000, 0x00000000f0000000)
  object space 86016K, 3% used [0x00000000d0000000,0x00000000d0339d30,0x00000000d5400000)
 PSPermGen       total 21504K, used 10302K [0x00000000cae00000, 0x00000000cc300000, 0x00000000d0000000)
  object space 21504K, 47% used [0x00000000cae00000,0x00000000cb80fa58,0x00000000cc300000)
Event: 2.025 GC heap after
Heap after GC invocations=2 (full 0):
 PSYoungGen      total 37888K, used 5113K [0x00000000f0000000, 0x00000000f4a00000, 0x0000000100000000)
  eden space 32768K, 0% used [0x00000000f0000000,0x00000000f0000000,0x00000000f2000000)
  from space 5120K, 99% used [0x00000000f2500000,0x00000000f29fe538,0x00000000f2a00000)
  to   space 5120K, 0% used [0x00000000f2000000,0x00000000f2000000,0x00000000f2500000)
 ParOldGen       total 86016K, used 9643K [0x00000000d0000000, 0x00000000d5400000, 0x00000000f0000000)
  object space 86016K, 11% used [0x00000000d0000000,0x00000000d096afc0,0x00000000d5400000)
 PSPermGen       total 21504K, used 10302K [0x00000000cae00000, 0x00000000cc300000, 0x00000000d0000000)
  object space 21504K, 47% used [0x00000000cae00000,0x00000000cb80fa58,0x00000000cc300000)
}

